UserId: 3, Time: 2021-01-18 16:54:01, Severity: I, Desc: LoginSuccessful, 
Msg:
/login,
ErrStack:
null


UserId: 3, Time: 2021-01-18 16:55:59, Severity: I, Desc: Authorized, 
Msg:
/auth,
ErrStack:
null


UserId: 3, Time: 2021-01-18 17:00:51, Severity: I, Desc: Authorized, 
Msg:
/auth,
ErrStack:
null


UserId: 3, Time: 2021-01-18 17:00:51, Severity: I, Desc: Student already there with same name, 
Msg:
/createStudent,
ErrStack:
null


UserId: null, Time: 2021-01-18 17:07:03, Severity: E, Desc: Error while fetching students data, 
Msg:
/getallstudents,
ErrStack:
TypeError: Cannot read property 'userid' of undefined


UserId: null, Time: 2021-01-18 17:07:03, Severity: E, Desc: string violation: additionaldetails cannot be an array or an object, 
Msg:
/insert at repo,
ErrStack:
SequelizeValidationError: string violation: additionaldetails cannot be an array or an object
    at InstanceValidator._validate (C:\Users\viasi\Desktop\SMS\node_modules\sequelize\lib\instance-validator.js:78:13)
    at processTicksAndRejections (internal/process/task_queues.js:97:5)
    at InstanceValidator._validateAndRunHooks (C:\Users\viasi\Desktop\SMS\node_modules\sequelize\lib\instance-validator.js:111:7)
    at InstanceValidator.validate (C:\Users\viasi\Desktop\SMS\node_modules\sequelize\lib\instance-validator.js:93:12)
    at model.save (C:\Users\viasi\Desktop\SMS\node_modules\sequelize\lib\model.js:3877:7)
    at Function.create (C:\Users\viasi\Desktop\SMS\node_modules\sequelize\lib\model.js:2207:12)


UserId: null, Time: 2021-01-18 17:08:40, Severity: E, Desc: Error while fetching students data, 
Msg:
/getallstudents,
ErrStack:
TypeError: Cannot read property 'userid' of undefined


UserId: null, Time: 2021-01-18 17:08:40, Severity: E, Desc: string violation: additionaldetails cannot be an array or an object, 
Msg:
/insert at repo,
ErrStack:
SequelizeValidationError: string violation: additionaldetails cannot be an array or an object
    at InstanceValidator._validate (C:\Users\viasi\Desktop\SMS\node_modules\sequelize\lib\instance-validator.js:78:13)
    at processTicksAndRejections (internal/process/task_queues.js:97:5)
    at InstanceValidator._validateAndRunHooks (C:\Users\viasi\Desktop\SMS\node_modules\sequelize\lib\instance-validator.js:111:7)
    at InstanceValidator.validate (C:\Users\viasi\Desktop\SMS\node_modules\sequelize\lib\instance-validator.js:93:12)
    at model.save (C:\Users\viasi\Desktop\SMS\node_modules\sequelize\lib\model.js:3877:7)
    at Function.create (C:\Users\viasi\Desktop\SMS\node_modules\sequelize\lib\model.js:2207:12)


UserId: null, Time: 2021-01-18 17:10:27, Severity: E, Desc: Error while fetching students data, 
Msg:
/getallstudents,
ErrStack:
TypeError: Cannot read property 'userid' of undefined


UserId: null, Time: 2021-01-18 17:10:27, Severity: E, Desc: string violation: additionaldetails cannot be an array or an object, 
Msg:
/insert at repo,
ErrStack:
SequelizeValidationError: string violation: additionaldetails cannot be an array or an object
    at InstanceValidator._validate (C:\Users\viasi\Desktop\SMS\node_modules\sequelize\lib\instance-validator.js:78:13)
    at processTicksAndRejections (internal/process/task_queues.js:97:5)
    at InstanceValidator._validateAndRunHooks (C:\Users\viasi\Desktop\SMS\node_modules\sequelize\lib\instance-validator.js:111:7)
    at InstanceValidator.validate (C:\Users\viasi\Desktop\SMS\node_modules\sequelize\lib\instance-validator.js:93:12)
    at model.save (C:\Users\viasi\Desktop\SMS\node_modules\sequelize\lib\model.js:3877:7)
    at Function.create (C:\Users\viasi\Desktop\SMS\node_modules\sequelize\lib\model.js:2207:12)


UserId: null, Time: 2021-01-18 17:10:56, Severity: E, Desc: Error while fetching students data, 
Msg:
/getallstudents,
ErrStack:
TypeError: Cannot read property 'userid' of undefined


UserId: null, Time: 2021-01-18 17:10:56, Severity: E, Desc: string violation: additionaldetails cannot be an array or an object, 
Msg:
/insert at repo,
ErrStack:
SequelizeValidationError: string violation: additionaldetails cannot be an array or an object
    at InstanceValidator._validate (C:\Users\viasi\Desktop\SMS\node_modules\sequelize\lib\instance-validator.js:78:13)
    at processTicksAndRejections (internal/process/task_queues.js:97:5)
    at InstanceValidator._validateAndRunHooks (C:\Users\viasi\Desktop\SMS\node_modules\sequelize\lib\instance-validator.js:111:7)
    at InstanceValidator.validate (C:\Users\viasi\Desktop\SMS\node_modules\sequelize\lib\instance-validator.js:93:12)
    at model.save (C:\Users\viasi\Desktop\SMS\node_modules\sequelize\lib\model.js:3877:7)
    at Function.create (C:\Users\viasi\Desktop\SMS\node_modules\sequelize\lib\model.js:2207:12)


UserId: null, Time: 2021-01-18 17:11:09, Severity: E, Desc: No authorized, 
Msg:
/auth,
ErrStack:
null


UserId: null, Time: 2021-01-18 17:14:33, Severity: E, Desc: No authorized, 
Msg:
/auth,
ErrStack:
null


UserId: null, Time: 2021-01-18 17:14:38, Severity: E, Desc: No authorized, 
Msg:
/auth,
ErrStack:
null


UserId: null, Time: 2021-01-18 17:14:41, Severity: E, Desc: No authorized, 
Msg:
/auth,
ErrStack:
null


UserId: null, Time: 2021-01-18 17:15:26, Severity: E, Desc: No authorized, 
Msg:
/auth,
ErrStack:
null


UserId: null, Time: 2021-01-18 17:17:33, Severity: E, Desc: No authorized, 
Msg:
/auth,
ErrStack:
null


UserId: null, Time: 2021-01-18 17:17:37, Severity: E, Desc: No authorized, 
Msg:
/auth,
ErrStack:
null


UserId: null, Time: 2021-01-18 17:17:51, Severity: E, Desc: No authorized, 
Msg:
/auth,
ErrStack:
null


UserId: null, Time: 2021-01-18 17:18:01, Severity: E, Desc: No authorized, 
Msg:
/auth,
ErrStack:
null


UserId: 3, Time: 2021-01-18 17:18:28, Severity: I, Desc: Authorized, 
Msg:
/auth,
ErrStack:
null


UserId: 3, Time: 2021-01-18 17:18:28, Severity: I, Desc: Student Data fetched by id, 
Msg:
/getstudentbyid,
ErrStack:
null


UserId: null, Time: 2021-01-18 17:19:41, Severity: E, Desc: No authorized, 
Msg:
/auth,
ErrStack:
null


UserId: 3, Time: 2021-01-18 17:19:49, Severity: I, Desc: Authorized, 
Msg:
/auth,
ErrStack:
null


UserId: 3, Time: 2021-01-18 17:19:50, Severity: I, Desc: Student Data fetched by id, 
Msg:
/getstudentbyid,
ErrStack:
null


UserId: null, Time: 2021-01-18 17:20:04, Severity: E, Desc: Invalid auth string, 
Msg:
/auth,
ErrStack:
null


UserId: 3, Time: 2021-01-18 17:20:26, Severity: I, Desc: Authorized, 
Msg:
/auth,
ErrStack:
null


UserId: 3, Time: 2021-01-18 17:20:26, Severity: I, Desc: Student Data fetched by id, 
Msg:
/getstudentbyid,
ErrStack:
null


UserId: 3, Time: 2021-01-18 17:21:50, Severity: I, Desc: Authorized, 
Msg:
/auth,
ErrStack:
null


UserId: 3, Time: 2021-01-18 17:21:50, Severity: I, Desc: Student Data fetched by id, 
Msg:
/getstudentbyid,
ErrStack:
null


UserId: null, Time: 2021-01-18 17:22:01, Severity: E, Desc: No authorized, 
Msg:
/auth,
ErrStack:
null


UserId: null, Time: 2021-01-18 17:22:04, Severity: E, Desc: No authorized, 
Msg:
/auth,
ErrStack:
null


UserId: null, Time: 2021-01-18 17:22:54, Severity: E, Desc: Error while fetching students data, 
Msg:
/getallstudents,
ErrStack:
TypeError: Cannot read property 'userid' of undefined


UserId: null, Time: 2021-01-18 17:22:55, Severity: E, Desc: string violation: additionaldetails cannot be an array or an object, 
Msg:
/insert at repo,
ErrStack:
SequelizeValidationError: string violation: additionaldetails cannot be an array or an object
    at InstanceValidator._validate (C:\Users\viasi\Desktop\SMS\node_modules\sequelize\lib\instance-validator.js:78:13)
    at processTicksAndRejections (internal/process/task_queues.js:97:5)
    at InstanceValidator._validateAndRunHooks (C:\Users\viasi\Desktop\SMS\node_modules\sequelize\lib\instance-validator.js:111:7)
    at InstanceValidator.validate (C:\Users\viasi\Desktop\SMS\node_modules\sequelize\lib\instance-validator.js:93:12)
    at model.save (C:\Users\viasi\Desktop\SMS\node_modules\sequelize\lib\model.js:3877:7)
    at Function.create (C:\Users\viasi\Desktop\SMS\node_modules\sequelize\lib\model.js:2207:12)


UserId: null, Time: 2021-01-18 17:29:26, Severity: E, Desc: Error while fetching students data, 
Msg:
/getallstudents,
ErrStack:
TypeError: Cannot read property 'userid' of undefined


UserId: null, Time: 2021-01-18 17:29:26, Severity: E, Desc: "string violation: additionaldetails cannot be an array or an object", 
Msg:
/insert at repo,
ErrStack:
"SequelizeValidationError: string violation: additionaldetails cannot be an array or an object\n    at InstanceValidator._validate (C:\\Users\\viasi\\Desktop\\SMS\\node_modules\\sequelize\\lib\\instance-validator.js:78:13)\n    at processTicksAndRejections (internal/process/task_queues.js:97:5)\n    at InstanceValidator._validateAndRunHooks (C:\\Users\\viasi\\Desktop\\SMS\\node_modules\\sequelize\\lib\\instance-validator.js:111:7)\n    at InstanceValidator.validate (C:\\Users\\viasi\\Desktop\\SMS\\node_modules\\sequelize\\lib\\instance-validator.js:93:12)\n    at model.save (C:\\Users\\viasi\\Desktop\\SMS\\node_modules\\sequelize\\lib\\model.js:3877:7)\n    at Function.create (C:\\Users\\viasi\\Desktop\\SMS\\node_modules\\sequelize\\lib\\model.js:2207:12)"


UserId: 3, Time: 2021-01-18 17:32:57, Severity: I, Desc: Authorized, 
Msg:
/auth,
ErrStack:
null


UserId: 3, Time: 2021-01-18 17:32:58, Severity: I, Desc: Students Data fetched with no pageNo and no pageSize, 
Msg:
/getallstudents,
ErrStack:
null


UserId: 3, Time: 2021-01-18 17:34:39, Severity: I, Desc: Authorized, 
Msg:
/auth,
ErrStack:
null


UserId: 3, Time: 2021-01-18 17:34:39, Severity: I, Desc: Students Data fetched with pageNo and pageSize, 
Msg:
/getallstudents,
ErrStack:
null


UserId: 3, Time: 2021-01-18 17:34:57, Severity: I, Desc: Authorized, 
Msg:
/auth,
ErrStack:
null


UserId: 3, Time: 2021-01-18 17:34:57, Severity: I, Desc: Students Data fetched with pageNo and pageSize, 
Msg:
/getallstudents,
ErrStack:
null


